Arguments: 
  /usr/local/bin/node /usr/share/yarn/bin/yarn.js create react-app

PATH: 
  /usr/local/sbin:/usr/local/bin:/usr/sbin:/usr/bin:/sbin:/bin:/snap/bin

Yarn version: 
  1.15.2

Node version: 
  11.14.0

Platform: 
  linux x64

Trace: 
  SyntaxError: /home/mateus/Documents/Repositories/entria-fullstack-challenge/packages/web/package.json: Unexpected end of JSON input
      at JSON.parse (<anonymous>)
      at /usr/share/yarn/lib/cli.js:1625:59
      at Generator.next (<anonymous>)
      at step (/usr/share/yarn/lib/cli.js:304:30)
      at /usr/share/yarn/lib/cli.js:315:13

npm manifest: 
  

yarn manifest: 
  No manifest

Lockfile: 
  No lockfile
